<?xml version="1.0" encoding="UTF-8"?>
<!-- Generated by org.testng.reporters.JUnitReportReporter -->
<testsuite skipped="0" hostname="dragos" name="exampleTestCases.ExempluTest" tests="3" failures="0" timestamp="18 Oct 2017 20:38:56 GMT" time="17.356" errors="0">
  <testcase name="Secodtest" time="0.011" classname="exampleTestCases.ExempluTest"/>
  <testcase name="thirdTest" time="0.001" classname="exampleTestCases.ExempluTest"/>
  <testcase name="testSetUp" time="17.344" classname="exampleTestCases.ExempluTest"/>
</testsuite> <!-- exampleTestCases.ExempluTest -->
